Arguments: 
  C:\Program Files\nodejs\node.exe C:\Program Files (x86)\Yarn\bin\yarn.js

PATH: 
  C:\Program Files (x86)\Common Files\Oracle\Java\javapath;C:\Windows\system32;C:\Windows;C:\Windows\System32\Wbem;C:\Windows\System32\WindowsPowerShell\v1.0\;C:\Program Files (x86)\NVIDIA Corporation\PhysX\Common;C:\Program Files\NVIDIA Corporation\NVIDIA NvDLISR;C:\Program Files\nodejs\;C:\Program Files\Git\cmd;C:\Program Files\PuTTY\;C:\Program Files (x86)\Yarn\bin\;C:\Users\Enderlorde\AppData\Local\Programs\Python\Python311\Scripts\;C:\Users\Enderlorde\AppData\Local\Programs\Python\Python311\;C:\Users\Enderlorde\AppData\Local\Programs\Microsoft VS Code\bin;C:\Users\Enderlorde\AppData\Roaming\npm;C:\Program Files (x86)\Yarn\bin

Yarn version: 
  1.22.4

Node version: 
  18.16.0

Platform: 
  win32 x64

Trace: 
  SyntaxError: C:\Users\Enderlorde\AppData\Local\Yarn\Cache\v6\npm-@babel-plugin-syntax-dynamic-import-7.8.3-62bf98b2da3cd21d626154fc96ee5b3cb68eacb3-integrity\node_modules\@babel\plugin-syntax-dynamic-import\.yarn-metadata.json: Unexpected end of JSON input
      at JSON.parse (<anonymous>)
      at C:\Program Files (x86)\Yarn\lib\cli.js:1625:59
      at Generator.next (<anonymous>)
      at step (C:\Program Files (x86)\Yarn\lib\cli.js:310:30)
      at C:\Program Files (x86)\Yarn\lib\cli.js:321:13

npm manifest: 
  {
    "name": "reanicraft",
    "version": "1.0.0",
    "description": "Simple minecraft launcher for my server",
    "main": "electron_start.js",
    "scripts": {
      "start": "concurrently \"webpack serve\" \"npm run electron\"",
      "build": "webpack --mode=production --node-env=production",
      "build:dev": "webpack --mode=development",
      "build:prod": "webpack --mode=production --node-env=production",
      "watch": "webpack --watch",
      "serve": "webpack serve",
      "electron": "wait-on tcp:3000 & electron .",
      "package": "electron-forge package",
      "make": "electron-forge --asar make"
    },
    "author": "enderlorde",
    "license": "ISC",
    "devDependencies": {
      "@babel/cli": "^7.21.5",
      "@babel/core": "^7.21.8",
      "@babel/preset-env": "^7.21.5",
      "@babel/preset-react": "^7.18.6",
      "@electron-forge/maker-deb": "^6.1.1",
      "@electron-forge/maker-rpm": "^6.1.1",
      "@electron-forge/maker-squirrel": "^6.1.1",
      "@electron-forge/maker-zip": "^6.1.1",
      "@svgr/webpack": "^8.0.1",
      "@webpack-cli/generators": "^3.0.4",
      "babel-loader": "^9.1.2",
      "concurrently": "^8.0.1",
      "css-loader": "^6.7.3",
      "electron": "^22.0.3",
      "html-webpack-plugin": "^5.5.1",
      "prettier": "^2.8.8",
      "sass": "^1.62.1",
      "sass-loader": "^13.2.2",
      "style-loader": "^3.3.2",
      "wait-on": "^7.0.1",
      "webpack": "^5.82.1",
      "webpack-cli": "^5.1.1",
      "webpack-dev-server": "^4.15.0",
      "workbox-webpack-plugin": "^6.5.4"
    },
    "dependencies": {
      "@wiicamp/react-minecraft-skin-viewer": "^1.0.6",
      "ajv": "^8.12.0",
      "electron-squirrel-startup": "^1.0.0",
      "file-download": "^0.1.2",
      "https": "^1.0.0",
      "lodash": "^4.17.21",
      "minecraft-launcher-core": "^3.16.18",
      "node-downloader-helper": "^2.1.7",
      "node-fetch": "^2.6.11",
      "open": "^8.4.2",
      "process-exists": "^5.0.0",
      "react": "^18.2.0",
      "react-dom": "^18.2.0",
      "react-router-dom": "^6.11.2",
      "skinview3d": "^3.0.0-alpha.1",
      "tiny-json-http": "^7.5.1",
      "uuid": "^9.0.0"
    }
  }

yarn manifest: 
  No manifest

Lockfile: 
  No lockfile
